[2018-02-27 20:21:25.025] [INFO] pomelo - [32m[C:\Users\KE\logintest\game-server\node_modules\pomelo\lib\application.js] [39mapplication inited: "connector-server-1"
[2018-02-27 20:21:25.228] [INFO] pomelo - [32m[C:\Users\KE\logintest\game-server\node_modules\pomelo\lib\application.js] [39m"connector-server-1" enter after start...
[2018-02-27 20:21:25.228] [INFO] pomelo - [32m[C:\Users\KE\logintest\game-server\node_modules\pomelo\lib\application.js] [39m"connector-server-1" finish start
[2018-02-27 20:21:25.228] [INFO] pomelo - [32m[C:\Users\KE\logintest\game-server\node_modules\pomelo\lib\application.js] [39m"connector-server-1" startup in 172 ms
[2018-02-27 20:23:16.667] [DEBUG] pomelo - [36m[C:\Users\KE\logintest\game-server\node_modules\pomelo\lib\components\connector.js] [39m[connector-server-1] getSession session is created with session id: 1
[2018-02-27 20:23:16.685] [DEBUG] pomelo - [36m[C:\Users\KE\logintest\game-server\node_modules\pomelo\lib\components\connector.js] [39m[connector-server-1] handleMessage session id: 1, msg: {"id":1,"type":0,"compressRoute":0,"route":"connector.entryHandler.entry","body":"hello pomelo","compressGzip":0}
[2018-02-27 20:23:16.687] [DEBUG] pomelo - [36m[C:\Users\KE\logintest\game-server\node_modules\pomelo\lib\components\connector.js] [39m[connector-server-1] send message reqId: 1, route: connector.entryHandler.entry, msg: {"code":200,"msg":"game server is ok."}, receivers: [1], opts: {"type":"response","userOptions":{},"isResponse":true}
[2018-02-27 20:23:21.400] [DEBUG] pomelo - [36m[C:\Users\KE\logintest\game-server\node_modules\pomelo\lib\common\service\sessionService.js] [39msession on [connector-server-1] is closed with session id: 1
[2018-02-27 21:31:30.094] [INFO] pomelo - [32m[C:\Users\KE\logintest\game-server\node_modules\pomelo\lib\application.js] [39mapplication inited: "connector-server-1"
[2018-02-27 21:31:30.281] [INFO] pomelo - [32m[C:\Users\KE\logintest\game-server\node_modules\pomelo\lib\application.js] [39m"connector-server-1" enter after start...
[2018-02-27 21:31:30.281] [INFO] pomelo - [32m[C:\Users\KE\logintest\game-server\node_modules\pomelo\lib\application.js] [39m"connector-server-1" finish start
[2018-02-27 21:31:30.281] [INFO] pomelo - [32m[C:\Users\KE\logintest\game-server\node_modules\pomelo\lib\application.js] [39m"connector-server-1" startup in 156 ms
[2018-02-27 21:32:39.113] [INFO] pomelo - [32m[C:\Users\KE\logintest\game-server\node_modules\pomelo\lib\application.js] [39mapplication inited: "connector-server-1"
[2018-02-27 21:32:39.300] [INFO] pomelo - [32m[C:\Users\KE\logintest\game-server\node_modules\pomelo\lib\application.js] [39m"connector-server-1" enter after start...
[2018-02-27 21:32:39.300] [INFO] pomelo - [32m[C:\Users\KE\logintest\game-server\node_modules\pomelo\lib\application.js] [39m"connector-server-1" finish start
[2018-02-27 21:32:39.300] [INFO] pomelo - [32m[C:\Users\KE\logintest\game-server\node_modules\pomelo\lib\application.js] [39m"connector-server-1" startup in 156 ms
[2018-02-27 21:33:23.934] [DEBUG] pomelo - [36m[C:\Users\KE\logintest\game-server\node_modules\pomelo\lib\components\connector.js] [39m[connector-server-1] getSession session is created with session id: 1
[2018-02-27 21:33:23.948] [DEBUG] pomelo - [36m[C:\Users\KE\logintest\game-server\node_modules\pomelo\lib\components\connector.js] [39m[connector-server-1] handleMessage session id: 1, msg: {"id":1,"type":0,"compressRoute":0,"route":"connector.entryHandler.entry","body":"hello pomelo","compressGzip":0}
[2018-02-27 21:33:23.952] [DEBUG] pomelo - [36m[C:\Users\KE\logintest\game-server\node_modules\pomelo\lib\components\connector.js] [39m[connector-server-1] send message reqId: 1, route: connector.entryHandler.entry, msg: {"code":200,"msg":"game server is ok."}, receivers: [1], opts: {"type":"response","userOptions":{},"isResponse":true}
[2018-02-27 21:33:31.862] [DEBUG] pomelo - [36m[C:\Users\KE\logintest\game-server\node_modules\pomelo\lib\components\connector.js] [39m[connector-server-1] getSession session is created with session id: 2
[2018-02-27 21:33:31.865] [DEBUG] pomelo - [36m[C:\Users\KE\logintest\game-server\node_modules\pomelo\lib\components\connector.js] [39m[connector-server-1] handleMessage session id: 2, msg: {"id":2,"type":0,"compressRoute":0,"route":"connector.entryHandler.entry","body":"hello pomelo","compressGzip":0}
[2018-02-27 21:33:31.865] [DEBUG] pomelo - [36m[C:\Users\KE\logintest\game-server\node_modules\pomelo\lib\components\connector.js] [39m[connector-server-1] send message reqId: 2, route: connector.entryHandler.entry, msg: {"code":200,"msg":"game server is ok."}, receivers: [2], opts: {"type":"response","userOptions":{},"isResponse":true}
[2018-02-27 21:33:37.062] [INFO] pomelo - [32m[C:\Users\KE\logintest\game-server\node_modules\pomelo\lib\connectors\commands\heartbeat.js] [39mclient 1 heartbeat timeout.
[2018-02-27 21:33:37.062] [DEBUG] pomelo - [36m[C:\Users\KE\logintest\game-server\node_modules\pomelo\lib\common\service\sessionService.js] [39msession on [connector-server-1] is closed with session id: 1
[2018-02-27 21:33:42.013] [DEBUG] pomelo - [36m[C:\Users\KE\logintest\game-server\node_modules\pomelo\lib\components\connector.js] [39m[connector-server-1] getSession session is created with session id: 3
[2018-02-27 21:33:42.016] [DEBUG] pomelo - [36m[C:\Users\KE\logintest\game-server\node_modules\pomelo\lib\components\connector.js] [39m[connector-server-1] handleMessage session id: 3, msg: {"id":3,"type":0,"compressRoute":0,"route":"connector.entryHandler.entry","body":"hello pomelo","compressGzip":0}
[2018-02-27 21:33:42.016] [DEBUG] pomelo - [36m[C:\Users\KE\logintest\game-server\node_modules\pomelo\lib\components\connector.js] [39m[connector-server-1] send message reqId: 3, route: connector.entryHandler.entry, msg: {"code":200,"msg":"game server is ok."}, receivers: [3], opts: {"type":"response","userOptions":{},"isResponse":true}
[2018-02-27 21:33:45.625] [INFO] pomelo - [32m[C:\Users\KE\logintest\game-server\node_modules\pomelo\lib\connectors\commands\heartbeat.js] [39mclient 2 heartbeat timeout.
[2018-02-27 21:33:45.625] [DEBUG] pomelo - [36m[C:\Users\KE\logintest\game-server\node_modules\pomelo\lib\common\service\sessionService.js] [39msession on [connector-server-1] is closed with session id: 2
[2018-02-27 21:39:09.725] [INFO] pomelo - [32m[C:\Users\KE\logintest\game-server\node_modules\pomelo\lib\application.js] [39mapplication inited: "connector-server-1"
[2018-02-27 21:39:09.975] [INFO] pomelo - [32m[C:\Users\KE\logintest\game-server\node_modules\pomelo\lib\application.js] [39m"connector-server-1" enter after start...
[2018-02-27 21:39:09.975] [INFO] pomelo - [32m[C:\Users\KE\logintest\game-server\node_modules\pomelo\lib\application.js] [39m"connector-server-1" finish start
[2018-02-27 21:39:09.975] [INFO] pomelo - [32m[C:\Users\KE\logintest\game-server\node_modules\pomelo\lib\application.js] [39m"connector-server-1" startup in 219 ms
[2018-02-27 21:39:16.818] [INFO] pomelo - [32m[C:\Users\KE\logintest\game-server\node_modules\pomelo\lib\application.js] [39mapplication inited: "connector-server-1"
[2018-02-27 21:39:17.036] [INFO] pomelo - [32m[C:\Users\KE\logintest\game-server\node_modules\pomelo\lib\application.js] [39m"connector-server-1" enter after start...
[2018-02-27 21:39:17.052] [INFO] pomelo - [32m[C:\Users\KE\logintest\game-server\node_modules\pomelo\lib\application.js] [39m"connector-server-1" finish start
[2018-02-27 21:39:17.052] [INFO] pomelo - [32m[C:\Users\KE\logintest\game-server\node_modules\pomelo\lib\application.js] [39m"connector-server-1" startup in 203 ms
[2018-02-27 21:39:24.155] [DEBUG] pomelo - [36m[C:\Users\KE\logintest\game-server\node_modules\pomelo\lib\components\connector.js] [39m[connector-server-1] getSession session is created with session id: 1
[2018-02-27 21:39:24.162] [DEBUG] pomelo - [36m[C:\Users\KE\logintest\game-server\node_modules\pomelo\lib\components\connector.js] [39m[connector-server-1] handleMessage session id: 1, msg: {"id":1,"type":0,"compressRoute":0,"route":"connector.entryHandler.entry","body":"hello pomelo","compressGzip":0}
[2018-02-27 21:39:24.164] [DEBUG] pomelo - [36m[C:\Users\KE\logintest\game-server\node_modules\pomelo\lib\components\connector.js] [39m[connector-server-1] send message reqId: 1, route: connector.entryHandler.entry, msg: {"code":200,"msg":"game server is ok."}, receivers: [1], opts: {"type":"response","userOptions":{},"isResponse":true}
[2018-02-27 21:39:43.469] [DEBUG] pomelo - [36m[C:\Users\KE\logintest\game-server\node_modules\pomelo\lib\components\connector.js] [39m[connector-server-1] getSession session is created with session id: 2
[2018-02-27 21:39:43.472] [DEBUG] pomelo - [36m[C:\Users\KE\logintest\game-server\node_modules\pomelo\lib\components\connector.js] [39m[connector-server-1] handleMessage session id: 2, msg: {"id":2,"type":0,"compressRoute":0,"route":"connector.entryHandler.entry","body":"hello pomelo","compressGzip":0}
[2018-02-27 21:39:43.472] [DEBUG] pomelo - [36m[C:\Users\KE\logintest\game-server\node_modules\pomelo\lib\components\connector.js] [39m[connector-server-1] send message reqId: 2, route: connector.entryHandler.entry, msg: {"code":200,"msg":"game server is ok."}, receivers: [2], opts: {"type":"response","userOptions":{},"isResponse":true}
[2018-02-27 21:39:49.350] [INFO] pomelo - [32m[C:\Users\KE\logintest\game-server\node_modules\pomelo\lib\connectors\commands\heartbeat.js] [39mclient 1 heartbeat timeout.
[2018-02-27 21:39:49.350] [DEBUG] pomelo - [36m[C:\Users\KE\logintest\game-server\node_modules\pomelo\lib\common\service\sessionService.js] [39msession on [connector-server-1] is closed with session id: 1
[2018-02-27 21:39:52.956] [DEBUG] pomelo - [36m[C:\Users\KE\logintest\game-server\node_modules\pomelo\lib\components\connector.js] [39m[connector-server-1] getSession session is created with session id: 3
[2018-02-27 21:39:52.959] [DEBUG] pomelo - [36m[C:\Users\KE\logintest\game-server\node_modules\pomelo\lib\components\connector.js] [39m[connector-server-1] handleMessage session id: 3, msg: {"id":3,"type":0,"compressRoute":0,"route":"connector.entryHandler.entry","body":"hello pomelo","compressGzip":0}
[2018-02-27 21:39:52.959] [DEBUG] pomelo - [36m[C:\Users\KE\logintest\game-server\node_modules\pomelo\lib\components\connector.js] [39m[connector-server-1] send message reqId: 3, route: connector.entryHandler.entry, msg: {"code":200,"msg":"game server is ok."}, receivers: [3], opts: {"type":"response","userOptions":{},"isResponse":true}
[2018-02-27 21:39:57.444] [INFO] pomelo - [32m[C:\Users\KE\logintest\game-server\node_modules\pomelo\lib\connectors\commands\heartbeat.js] [39mclient 2 heartbeat timeout.
[2018-02-27 21:39:57.444] [DEBUG] pomelo - [36m[C:\Users\KE\logintest\game-server\node_modules\pomelo\lib\common\service\sessionService.js] [39msession on [connector-server-1] is closed with session id: 2
[2018-02-27 21:40:02.683] [DEBUG] pomelo - [36m[C:\Users\KE\logintest\game-server\node_modules\pomelo\lib\components\connector.js] [39m[connector-server-1] getSession session is created with session id: 4
[2018-02-27 21:40:02.687] [DEBUG] pomelo - [36m[C:\Users\KE\logintest\game-server\node_modules\pomelo\lib\components\connector.js] [39m[connector-server-1] handleMessage session id: 4, msg: {"id":4,"type":0,"compressRoute":0,"route":"connector.entryHandler.entry","body":"hello pomelo","compressGzip":0}
[2018-02-27 21:40:02.687] [DEBUG] pomelo - [36m[C:\Users\KE\logintest\game-server\node_modules\pomelo\lib\components\connector.js] [39m[connector-server-1] send message reqId: 4, route: connector.entryHandler.entry, msg: {"code":200,"msg":"game server is ok."}, receivers: [4], opts: {"type":"response","userOptions":{},"isResponse":true}
[2018-02-27 21:40:06.611] [INFO] pomelo - [32m[C:\Users\KE\logintest\game-server\node_modules\pomelo\lib\connectors\commands\heartbeat.js] [39mclient 3 heartbeat timeout.
[2018-02-27 21:40:06.611] [DEBUG] pomelo - [36m[C:\Users\KE\logintest\game-server\node_modules\pomelo\lib\common\service\sessionService.js] [39msession on [connector-server-1] is closed with session id: 3
[2018-02-27 21:41:06.352] [INFO] pomelo - [32m[C:\Users\KE\logintest\game-server\node_modules\pomelo\lib\application.js] [39mapplication inited: "connector-server-1"
[2018-02-27 21:41:06.555] [INFO] pomelo - [32m[C:\Users\KE\logintest\game-server\node_modules\pomelo\lib\application.js] [39m"connector-server-1" enter after start...
[2018-02-27 21:41:06.555] [INFO] pomelo - [32m[C:\Users\KE\logintest\game-server\node_modules\pomelo\lib\application.js] [39m"connector-server-1" finish start
[2018-02-27 21:41:06.555] [INFO] pomelo - [32m[C:\Users\KE\logintest\game-server\node_modules\pomelo\lib\application.js] [39m"connector-server-1" startup in 172 ms
[2018-02-27 21:41:19.002] [DEBUG] pomelo - [36m[C:\Users\KE\logintest\game-server\node_modules\pomelo\lib\components\connector.js] [39m[connector-server-1] getSession session is created with session id: 1
[2018-02-27 21:41:19.009] [DEBUG] pomelo - [36m[C:\Users\KE\logintest\game-server\node_modules\pomelo\lib\components\connector.js] [39m[connector-server-1] handleMessage session id: 1, msg: {"id":5,"type":0,"compressRoute":0,"route":"connector.entryHandler.entry","body":"hello pomelo","compressGzip":0}
[2018-02-27 21:41:19.011] [DEBUG] pomelo - [36m[C:\Users\KE\logintest\game-server\node_modules\pomelo\lib\components\connector.js] [39m[connector-server-1] send message reqId: 5, route: connector.entryHandler.entry, msg: {"code":200,"msg":"game server is ok."}, receivers: [1], opts: {"type":"response","userOptions":{},"isResponse":true}
[2018-02-27 21:44:48.148] [INFO] pomelo - [32m[C:\Users\KE\logintest\game-server\node_modules\pomelo\lib\application.js] [39mapplication inited: "connector-server-1"
[2018-02-27 21:44:48.349] [INFO] pomelo - [32m[C:\Users\KE\logintest\game-server\node_modules\pomelo\lib\application.js] [39m"connector-server-1" enter after start...
[2018-02-27 21:44:48.349] [INFO] pomelo - [32m[C:\Users\KE\logintest\game-server\node_modules\pomelo\lib\application.js] [39m"connector-server-1" finish start
[2018-02-27 21:44:48.349] [INFO] pomelo - [32m[C:\Users\KE\logintest\game-server\node_modules\pomelo\lib\application.js] [39m"connector-server-1" startup in 170 ms
[2018-02-27 21:49:09.991] [INFO] pomelo - [32m[C:\Users\KE\logintest\game-server\node_modules\pomelo\lib\application.js] [39mapplication inited: "connector-server-1"
[2018-02-27 21:49:10.178] [INFO] pomelo - [32m[C:\Users\KE\logintest\game-server\node_modules\pomelo\lib\application.js] [39m"connector-server-1" enter after start...
[2018-02-27 21:49:10.178] [INFO] pomelo - [32m[C:\Users\KE\logintest\game-server\node_modules\pomelo\lib\application.js] [39m"connector-server-1" finish start
[2018-02-27 21:49:10.178] [INFO] pomelo - [32m[C:\Users\KE\logintest\game-server\node_modules\pomelo\lib\application.js] [39m"connector-server-1" startup in 156 ms
[2018-02-27 21:49:36.181] [DEBUG] pomelo - [36m[C:\Users\KE\logintest\game-server\node_modules\pomelo\lib\components\connector.js] [39m[connector-server-1] getSession session is created with session id: 1
[2018-02-27 21:49:36.193] [DEBUG] pomelo - [36m[C:\Users\KE\logintest\game-server\node_modules\pomelo\lib\components\connector.js] [39m[connector-server-1] handleMessage session id: 1, msg: {"id":1,"type":0,"compressRoute":0,"route":"connector.entryHandler.entry","body":"hello pomelo","compressGzip":0}
[2018-02-27 21:49:36.195] [DEBUG] pomelo - [36m[C:\Users\KE\logintest\game-server\node_modules\pomelo\lib\components\connector.js] [39m[connector-server-1] send message reqId: 1, route: connector.entryHandler.entry, msg: {"code":200,"msg":"game server is ok."}, receivers: [1], opts: {"type":"response","userOptions":{},"isResponse":true}
[2018-02-27 21:49:51.444] [DEBUG] pomelo - [36m[C:\Users\KE\logintest\game-server\node_modules\pomelo\lib\components\connector.js] [39m[connector-server-1] getSession session is created with session id: 2
[2018-02-27 21:49:51.447] [DEBUG] pomelo - [36m[C:\Users\KE\logintest\game-server\node_modules\pomelo\lib\components\connector.js] [39m[connector-server-1] handleMessage session id: 2, msg: {"id":2,"type":0,"compressRoute":0,"route":"connector.entryHandler.entry","body":"hello pomelo","compressGzip":0}
[2018-02-27 21:49:51.447] [DEBUG] pomelo - [36m[C:\Users\KE\logintest\game-server\node_modules\pomelo\lib\components\connector.js] [39m[connector-server-1] send message reqId: 2, route: connector.entryHandler.entry, msg: {"code":200,"msg":"game server is ok."}, receivers: [2], opts: {"type":"response","userOptions":{},"isResponse":true}
[2018-02-27 21:49:54.612] [INFO] pomelo - [32m[C:\Users\KE\logintest\game-server\node_modules\pomelo\lib\connectors\commands\heartbeat.js] [39mclient 1 heartbeat timeout.
[2018-02-27 21:49:54.613] [DEBUG] pomelo - [36m[C:\Users\KE\logintest\game-server\node_modules\pomelo\lib\common\service\sessionService.js] [39msession on [connector-server-1] is closed with session id: 1
[2018-02-27 21:50:05.194] [INFO] pomelo - [32m[C:\Users\KE\logintest\game-server\node_modules\pomelo\lib\application.js] [39mapplication inited: "connector-server-1"
[2018-02-27 21:50:05.380] [INFO] pomelo - [32m[C:\Users\KE\logintest\game-server\node_modules\pomelo\lib\application.js] [39m"connector-server-1" enter after start...
[2018-02-27 21:50:05.380] [INFO] pomelo - [32m[C:\Users\KE\logintest\game-server\node_modules\pomelo\lib\application.js] [39m"connector-server-1" finish start
[2018-02-27 21:50:05.380] [INFO] pomelo - [32m[C:\Users\KE\logintest\game-server\node_modules\pomelo\lib\application.js] [39m"connector-server-1" startup in 155 ms
[2018-02-27 21:50:07.714] [DEBUG] pomelo - [36m[C:\Users\KE\logintest\game-server\node_modules\pomelo\lib\components\connector.js] [39m[connector-server-1] getSession session is created with session id: 1
[2018-02-27 21:50:07.720] [DEBUG] pomelo - [36m[C:\Users\KE\logintest\game-server\node_modules\pomelo\lib\components\connector.js] [39m[connector-server-1] handleMessage session id: 1, msg: {"id":3,"type":0,"compressRoute":0,"route":"connector.entryHandler.entry","body":"hello pomelo","compressGzip":0}
[2018-02-27 21:50:07.722] [DEBUG] pomelo - [36m[C:\Users\KE\logintest\game-server\node_modules\pomelo\lib\components\connector.js] [39m[connector-server-1] send message reqId: 3, route: connector.entryHandler.entry, msg: {"code":200,"msg":"game server is ok."}, receivers: [1], opts: {"type":"response","userOptions":{},"isResponse":true}
[2018-02-27 21:52:53.397] [INFO] pomelo - [32m[C:\Users\KE\logintest\game-server\node_modules\pomelo\lib\application.js] [39mapplication inited: "connector-server-1"
[2018-02-27 21:52:53.605] [INFO] pomelo - [32m[C:\Users\KE\logintest\game-server\node_modules\pomelo\lib\application.js] [39m"connector-server-1" enter after start...
[2018-02-27 21:52:53.607] [INFO] pomelo - [32m[C:\Users\KE\logintest\game-server\node_modules\pomelo\lib\application.js] [39m"connector-server-1" finish start
[2018-02-27 21:52:53.608] [INFO] pomelo - [32m[C:\Users\KE\logintest\game-server\node_modules\pomelo\lib\application.js] [39m"connector-server-1" startup in 180 ms
[2018-02-27 21:52:55.219] [DEBUG] pomelo - [36m[C:\Users\KE\logintest\game-server\node_modules\pomelo\lib\components\connector.js] [39m[connector-server-1] getSession session is created with session id: 1
[2018-02-27 21:52:55.226] [DEBUG] pomelo - [36m[C:\Users\KE\logintest\game-server\node_modules\pomelo\lib\components\connector.js] [39m[connector-server-1] handleMessage session id: 1, msg: {"id":1,"type":0,"compressRoute":0,"route":"connector.entryHandler.entry","body":"hello pomelo","compressGzip":0}
[2018-02-27 21:52:55.228] [DEBUG] pomelo - [36m[C:\Users\KE\logintest\game-server\node_modules\pomelo\lib\components\connector.js] [39m[connector-server-1] send message reqId: 1, route: connector.entryHandler.entry, msg: {"code":200,"msg":"game server is ok."}, receivers: [1], opts: {"type":"response","userOptions":{},"isResponse":true}
[2018-02-27 22:02:28.381] [INFO] pomelo - [32m[C:\Users\KE\logintest\game-server\node_modules\pomelo\lib\application.js] [39mapplication inited: "connector-server-1"
[2018-02-27 22:02:28.578] [INFO] pomelo - [32m[C:\Users\KE\logintest\game-server\node_modules\pomelo\lib\application.js] [39m"connector-server-1" enter after start...
[2018-02-27 22:02:28.578] [INFO] pomelo - [32m[C:\Users\KE\logintest\game-server\node_modules\pomelo\lib\application.js] [39m"connector-server-1" finish start
[2018-02-27 22:02:28.578] [INFO] pomelo - [32m[C:\Users\KE\logintest\game-server\node_modules\pomelo\lib\application.js] [39m"connector-server-1" startup in 166 ms
[2018-02-27 22:08:52.318] [INFO] pomelo - [32m[C:\Users\KE\logintest\game-server\node_modules\pomelo\lib\application.js] [39mapplication inited: "connector-server-1"
[2018-02-27 22:08:52.521] [INFO] pomelo - [32m[C:\Users\KE\logintest\game-server\node_modules\pomelo\lib\application.js] [39m"connector-server-1" enter after start...
[2018-02-27 22:08:52.521] [INFO] pomelo - [32m[C:\Users\KE\logintest\game-server\node_modules\pomelo\lib\application.js] [39m"connector-server-1" finish start
[2018-02-27 22:08:52.521] [INFO] pomelo - [32m[C:\Users\KE\logintest\game-server\node_modules\pomelo\lib\application.js] [39m"connector-server-1" startup in 172 ms
[2018-02-27 22:08:59.664] [DEBUG] pomelo - [36m[C:\Users\KE\logintest\game-server\node_modules\pomelo\lib\components\connector.js] [39m[connector-server-1] getSession session is created with session id: 1
[2018-02-27 22:08:59.671] [DEBUG] pomelo - [36m[C:\Users\KE\logintest\game-server\node_modules\pomelo\lib\components\connector.js] [39m[connector-server-1] handleMessage session id: 1, msg: {"id":1,"type":0,"compressRoute":0,"route":"connector.entryHandler.entry","body":"hello pomelo","compressGzip":0}
[2018-02-27 22:08:59.673] [DEBUG] pomelo - [36m[C:\Users\KE\logintest\game-server\node_modules\pomelo\lib\components\connector.js] [39m[connector-server-1] send message reqId: 1, route: connector.entryHandler.entry, msg: {"code":200,"msg":"game server is ok."}, receivers: [1], opts: {"type":"response","userOptions":{},"isResponse":true}
[2018-02-27 22:09:27.502] [DEBUG] pomelo - [36m[C:\Users\KE\logintest\game-server\node_modules\pomelo\lib\common\service\sessionService.js] [39msession on [connector-server-1] is closed with session id: 1
[2018-02-27 22:09:28.901] [DEBUG] pomelo - [36m[C:\Users\KE\logintest\game-server\node_modules\pomelo\lib\components\connector.js] [39m[connector-server-1] getSession session is created with session id: 2
[2018-02-27 22:09:28.905] [DEBUG] pomelo - [36m[C:\Users\KE\logintest\game-server\node_modules\pomelo\lib\components\connector.js] [39m[connector-server-1] handleMessage session id: 2, msg: {"id":1,"type":0,"compressRoute":0,"route":"connector.entryHandler.entry","body":"hello pomelo","compressGzip":0}
[2018-02-27 22:09:28.905] [DEBUG] pomelo - [36m[C:\Users\KE\logintest\game-server\node_modules\pomelo\lib\components\connector.js] [39m[connector-server-1] send message reqId: 1, route: connector.entryHandler.entry, msg: {"code":200,"msg":"game server is ok."}, receivers: [2], opts: {"type":"response","userOptions":{},"isResponse":true}
[2018-02-27 22:14:12.914] [INFO] pomelo - [32m[C:\Users\KE\logintest\game-server\node_modules\pomelo\lib\application.js] [39mapplication inited: "connector-server-1"
[2018-02-27 22:14:13.102] [INFO] pomelo - [32m[C:\Users\KE\logintest\game-server\node_modules\pomelo\lib\application.js] [39m"connector-server-1" enter after start...
[2018-02-27 22:14:13.102] [INFO] pomelo - [32m[C:\Users\KE\logintest\game-server\node_modules\pomelo\lib\application.js] [39m"connector-server-1" finish start
[2018-02-27 22:14:13.102] [INFO] pomelo - [32m[C:\Users\KE\logintest\game-server\node_modules\pomelo\lib\application.js] [39m"connector-server-1" startup in 157 ms
[2018-02-27 22:14:17.906] [DEBUG] pomelo - [36m[C:\Users\KE\logintest\game-server\node_modules\pomelo\lib\components\connector.js] [39m[connector-server-1] getSession session is created with session id: 1
[2018-02-27 22:14:17.913] [DEBUG] pomelo - [36m[C:\Users\KE\logintest\game-server\node_modules\pomelo\lib\components\connector.js] [39m[connector-server-1] handleMessage session id: 1, msg: {"id":2,"type":0,"compressRoute":0,"route":"connector.entryHandler.entry","body":"hello pomelo","compressGzip":0}
[2018-02-27 22:14:17.915] [DEBUG] pomelo - [36m[C:\Users\KE\logintest\game-server\node_modules\pomelo\lib\components\connector.js] [39m[connector-server-1] send message reqId: 2, route: connector.entryHandler.entry, msg: {"code":200,"msg":"game server is ok."}, receivers: [1], opts: {"type":"response","userOptions":{},"isResponse":true}
[2018-02-27 22:18:31.199] [INFO] pomelo - [32m[C:\Users\KE\logintest\game-server\node_modules\pomelo\lib\application.js] [39mapplication inited: "connector-server-1"
[2018-02-27 22:18:31.386] [INFO] pomelo - [32m[C:\Users\KE\logintest\game-server\node_modules\pomelo\lib\application.js] [39m"connector-server-1" enter after start...
[2018-02-27 22:18:31.386] [INFO] pomelo - [32m[C:\Users\KE\logintest\game-server\node_modules\pomelo\lib\application.js] [39m"connector-server-1" finish start
[2018-02-27 22:18:31.386] [INFO] pomelo - [32m[C:\Users\KE\logintest\game-server\node_modules\pomelo\lib\application.js] [39m"connector-server-1" startup in 156 ms
[2018-02-27 22:19:56.212] [DEBUG] pomelo - [36m[C:\Users\KE\logintest\game-server\node_modules\pomelo\lib\components\connector.js] [39m[connector-server-1] getSession session is created with session id: 1
[2018-02-27 22:19:56.220] [DEBUG] pomelo - [36m[C:\Users\KE\logintest\game-server\node_modules\pomelo\lib\components\connector.js] [39m[connector-server-1] handleMessage session id: 1, msg: {"id":1,"type":0,"compressRoute":0,"route":"connector.entryHandler.entry","body":"hello pomelo","compressGzip":0}
[2018-02-27 22:19:56.221] [DEBUG] pomelo - [36m[C:\Users\KE\logintest\game-server\node_modules\pomelo\lib\components\connector.js] [39m[connector-server-1] send message reqId: 1, route: connector.entryHandler.entry, msg: {"code":200,"msg":"game server is ok."}, receivers: [1], opts: {"type":"response","userOptions":{},"isResponse":true}
[2018-02-27 22:20:11.251] [DEBUG] pomelo - [36m[C:\Users\KE\logintest\game-server\node_modules\pomelo\lib\common\service\sessionService.js] [39msession on [connector-server-1] is closed with session id: 1
[2018-02-27 22:20:22.637] [DEBUG] pomelo - [36m[C:\Users\KE\logintest\game-server\node_modules\pomelo\lib\components\connector.js] [39m[connector-server-1] getSession session is created with session id: 2
[2018-02-27 22:20:22.641] [DEBUG] pomelo - [36m[C:\Users\KE\logintest\game-server\node_modules\pomelo\lib\components\connector.js] [39m[connector-server-1] handleMessage session id: 2, msg: {"id":1,"type":0,"compressRoute":0,"route":"connector.entryHandler.entry","body":"hello pomelo","compressGzip":0}
[2018-02-27 22:20:22.641] [DEBUG] pomelo - [36m[C:\Users\KE\logintest\game-server\node_modules\pomelo\lib\components\connector.js] [39m[connector-server-1] send message reqId: 1, route: connector.entryHandler.entry, msg: {"code":200,"msg":"game server is ok."}, receivers: [2], opts: {"type":"response","userOptions":{},"isResponse":true}
[2018-02-27 22:21:01.245] [DEBUG] pomelo - [36m[C:\Users\KE\logintest\game-server\node_modules\pomelo\lib\components\connector.js] [39m[connector-server-1] getSession session is created with session id: 3
[2018-02-27 22:21:01.249] [DEBUG] pomelo - [36m[C:\Users\KE\logintest\game-server\node_modules\pomelo\lib\components\connector.js] [39m[connector-server-1] handleMessage session id: 3, msg: {"id":2,"type":0,"compressRoute":0,"route":"connector.entryHandler.entry","body":"hello pomelo","compressGzip":0}
[2018-02-27 22:21:01.249] [DEBUG] pomelo - [36m[C:\Users\KE\logintest\game-server\node_modules\pomelo\lib\components\connector.js] [39m[connector-server-1] send message reqId: 2, route: connector.entryHandler.entry, msg: {"code":200,"msg":"game server is ok."}, receivers: [3], opts: {"type":"response","userOptions":{},"isResponse":true}
[2018-02-27 22:21:05.606] [INFO] pomelo - [32m[C:\Users\KE\logintest\game-server\node_modules\pomelo\lib\connectors\commands\heartbeat.js] [39mclient 2 heartbeat timeout.
[2018-02-27 22:21:05.606] [DEBUG] pomelo - [36m[C:\Users\KE\logintest\game-server\node_modules\pomelo\lib\common\service\sessionService.js] [39msession on [connector-server-1] is closed with session id: 2
[2018-02-27 22:21:17.953] [DEBUG] pomelo - [36m[C:\Users\KE\logintest\game-server\node_modules\pomelo\lib\common\service\sessionService.js] [39msession on [connector-server-1] is closed with session id: 3
[2018-02-27 23:02:26.182] [INFO] pomelo - [32m[C:\Users\KE\logintest\game-server\node_modules\pomelo\lib\application.js] [39mapplication inited: "connector-server-1"
[2018-02-27 23:02:26.385] [INFO] pomelo - [32m[C:\Users\KE\logintest\game-server\node_modules\pomelo\lib\application.js] [39m"connector-server-1" enter after start...
[2018-02-27 23:02:26.385] [INFO] pomelo - [32m[C:\Users\KE\logintest\game-server\node_modules\pomelo\lib\application.js] [39m"connector-server-1" finish start
[2018-02-27 23:02:26.385] [INFO] pomelo - [32m[C:\Users\KE\logintest\game-server\node_modules\pomelo\lib\application.js] [39m"connector-server-1" startup in 172 ms
[2018-02-27 23:09:54.625] [DEBUG] pomelo - [36m[C:\Users\KE\logintest\game-server\node_modules\pomelo\lib\components\connector.js] [39m[connector-server-1] getSession session is created with session id: 1
[2018-02-27 23:09:54.639] [DEBUG] pomelo - [36m[C:\Users\KE\logintest\game-server\node_modules\pomelo\lib\components\connector.js] [39m[connector-server-1] handleMessage session id: 1, msg: {"id":1,"type":0,"compressRoute":0,"route":"connector.entryHandler.entry","body":"hello pomelo","compressGzip":0}
[2018-02-27 23:09:54.640] [DEBUG] pomelo - [36m[C:\Users\KE\logintest\game-server\node_modules\pomelo\lib\components\connector.js] [39m[connector-server-1] send message reqId: 1, route: connector.entryHandler.entry, msg: {"code":200,"msg":"game server is ok."}, receivers: [1], opts: {"type":"response","userOptions":{},"isResponse":true}
[2018-02-27 23:11:17.152] [DEBUG] pomelo - [36m[C:\Users\KE\logintest\game-server\node_modules\pomelo\lib\components\connector.js] [39m[connector-server-1] getSession session is created with session id: 2
[2018-02-27 23:11:17.155] [DEBUG] pomelo - [36m[C:\Users\KE\logintest\game-server\node_modules\pomelo\lib\components\connector.js] [39m[connector-server-1] handleMessage session id: 2, msg: {"id":2,"type":0,"compressRoute":0,"route":"connector.entryHandler.entry","body":"hello pomelo","compressGzip":0}
[2018-02-27 23:11:17.155] [DEBUG] pomelo - [36m[C:\Users\KE\logintest\game-server\node_modules\pomelo\lib\components\connector.js] [39m[connector-server-1] send message reqId: 2, route: connector.entryHandler.entry, msg: {"code":200,"msg":"game server is ok."}, receivers: [2], opts: {"type":"response","userOptions":{},"isResponse":true}
[2018-02-27 23:11:23.157] [INFO] pomelo - [32m[C:\Users\KE\logintest\game-server\node_modules\pomelo\lib\connectors\commands\heartbeat.js] [39mclient 1 heartbeat timeout.
[2018-02-27 23:11:23.157] [DEBUG] pomelo - [36m[C:\Users\KE\logintest\game-server\node_modules\pomelo\lib\common\service\sessionService.js] [39msession on [connector-server-1] is closed with session id: 1
[2018-02-27 23:12:43.145] [DEBUG] pomelo - [36m[C:\Users\KE\logintest\game-server\node_modules\pomelo\lib\common\service\sessionService.js] [39msession on [connector-server-1] is closed with session id: 2
[2018-02-27 23:13:47.550] [DEBUG] pomelo - [36m[C:\Users\KE\logintest\game-server\node_modules\pomelo\lib\components\connector.js] [39m[connector-server-1] getSession session is created with session id: 3
[2018-02-27 23:13:47.556] [DEBUG] pomelo - [36m[C:\Users\KE\logintest\game-server\node_modules\pomelo\lib\components\connector.js] [39m[connector-server-1] handleMessage session id: 3, msg: {"id":1,"type":0,"compressRoute":0,"route":"connector.entryHandler.entry","body":{"username":"","password":""},"compressGzip":0}
[2018-02-27 23:13:47.556] [DEBUG] pomelo - [36m[C:\Users\KE\logintest\game-server\node_modules\pomelo\lib\components\connector.js] [39m[connector-server-1] send message reqId: 1, route: connector.entryHandler.entry, msg: {"code":200,"msg":"game server is ok."}, receivers: [3], opts: {"type":"response","userOptions":{},"isResponse":true}
[2018-02-27 23:13:49.207] [DEBUG] pomelo - [36m[C:\Users\KE\logintest\game-server\node_modules\pomelo\lib\common\service\sessionService.js] [39msession on [connector-server-1] is closed with session id: 3
[2018-02-27 23:14:28.942] [DEBUG] pomelo - [36m[C:\Users\KE\logintest\game-server\node_modules\pomelo\lib\components\connector.js] [39m[connector-server-1] getSession session is created with session id: 4
[2018-02-27 23:14:28.945] [DEBUG] pomelo - [36m[C:\Users\KE\logintest\game-server\node_modules\pomelo\lib\components\connector.js] [39m[connector-server-1] handleMessage session id: 4, msg: {"id":1,"type":0,"compressRoute":0,"route":"connector.entryHandler.entry","body":{"username":"","password":""},"compressGzip":0}
[2018-02-27 23:14:28.945] [DEBUG] pomelo - [36m[C:\Users\KE\logintest\game-server\node_modules\pomelo\lib\components\connector.js] [39m[connector-server-1] send message reqId: 1, route: connector.entryHandler.entry, msg: {"code":200,"msg":"game server is ok."}, receivers: [4], opts: {"type":"response","userOptions":{},"isResponse":true}
[2018-02-27 23:14:29.925] [DEBUG] pomelo - [36m[C:\Users\KE\logintest\game-server\node_modules\pomelo\lib\common\service\sessionService.js] [39msession on [connector-server-1] is closed with session id: 4
[2018-02-27 23:14:31.182] [DEBUG] pomelo - [36m[C:\Users\KE\logintest\game-server\node_modules\pomelo\lib\components\connector.js] [39m[connector-server-1] getSession session is created with session id: 5
[2018-02-27 23:14:31.184] [DEBUG] pomelo - [36m[C:\Users\KE\logintest\game-server\node_modules\pomelo\lib\components\connector.js] [39m[connector-server-1] handleMessage session id: 5, msg: {"id":1,"type":0,"compressRoute":0,"route":"connector.entryHandler.entry","body":{"username":"","password":""},"compressGzip":0}
[2018-02-27 23:14:31.184] [DEBUG] pomelo - [36m[C:\Users\KE\logintest\game-server\node_modules\pomelo\lib\components\connector.js] [39m[connector-server-1] send message reqId: 1, route: connector.entryHandler.entry, msg: {"code":200,"msg":"game server is ok."}, receivers: [5], opts: {"type":"response","userOptions":{},"isResponse":true}
[2018-02-27 23:14:32.280] [DEBUG] pomelo - [36m[C:\Users\KE\logintest\game-server\node_modules\pomelo\lib\common\service\sessionService.js] [39msession on [connector-server-1] is closed with session id: 5
[2018-02-27 23:14:46.864] [DEBUG] pomelo - [36m[C:\Users\KE\logintest\game-server\node_modules\pomelo\lib\components\connector.js] [39m[connector-server-1] getSession session is created with session id: 6
[2018-02-27 23:14:46.867] [DEBUG] pomelo - [36m[C:\Users\KE\logintest\game-server\node_modules\pomelo\lib\components\connector.js] [39m[connector-server-1] handleMessage session id: 6, msg: {"id":1,"type":0,"compressRoute":0,"route":"connector.entryHandler.entry","body":{"username":"","password":""},"compressGzip":0}
[2018-02-27 23:14:46.868] [DEBUG] pomelo - [36m[C:\Users\KE\logintest\game-server\node_modules\pomelo\lib\components\connector.js] [39m[connector-server-1] send message reqId: 1, route: connector.entryHandler.entry, msg: {"code":200,"msg":"game server is ok."}, receivers: [6], opts: {"type":"response","userOptions":{},"isResponse":true}
[2018-02-27 23:14:47.848] [DEBUG] pomelo - [36m[C:\Users\KE\logintest\game-server\node_modules\pomelo\lib\common\service\sessionService.js] [39msession on [connector-server-1] is closed with session id: 6
[2018-02-27 23:17:57.194] [DEBUG] pomelo - [36m[C:\Users\KE\logintest\game-server\node_modules\pomelo\lib\components\connector.js] [39m[connector-server-1] getSession session is created with session id: 7
[2018-02-27 23:17:57.206] [DEBUG] pomelo - [36m[C:\Users\KE\logintest\game-server\node_modules\pomelo\lib\components\connector.js] [39m[connector-server-1] handleMessage session id: 7, msg: {"id":1,"type":0,"compressRoute":0,"route":"connector.entryHandler.entry","body":{"username":"admin","password":"admin"},"compressGzip":0}
[2018-02-27 23:17:57.207] [DEBUG] pomelo - [36m[C:\Users\KE\logintest\game-server\node_modules\pomelo\lib\components\connector.js] [39m[connector-server-1] send message reqId: 1, route: connector.entryHandler.entry, msg: {"code":200,"msg":"game server is ok."}, receivers: [7], opts: {"type":"response","userOptions":{},"isResponse":true}
[2018-02-27 23:17:57.209] [DEBUG] pomelo - [36m[C:\Users\KE\logintest\game-server\node_modules\pomelo\lib\common\service\sessionService.js] [39msession on [connector-server-1] is closed with session id: 7
[2018-02-27 23:18:06.302] [DEBUG] pomelo - [36m[C:\Users\KE\logintest\game-server\node_modules\pomelo\lib\components\connector.js] [39m[connector-server-1] getSession session is created with session id: 8
[2018-02-27 23:18:06.304] [DEBUG] pomelo - [36m[C:\Users\KE\logintest\game-server\node_modules\pomelo\lib\components\connector.js] [39m[connector-server-1] handleMessage session id: 8, msg: {"id":1,"type":0,"compressRoute":0,"route":"connector.entryHandler.entry","body":{"username":"admin","password":"admin"},"compressGzip":0}
[2018-02-27 23:18:06.305] [DEBUG] pomelo - [36m[C:\Users\KE\logintest\game-server\node_modules\pomelo\lib\components\connector.js] [39m[connector-server-1] send message reqId: 1, route: connector.entryHandler.entry, msg: {"code":200,"msg":"game server is ok."}, receivers: [8], opts: {"type":"response","userOptions":{},"isResponse":true}
[2018-02-27 23:18:08.495] [DEBUG] pomelo - [36m[C:\Users\KE\logintest\game-server\node_modules\pomelo\lib\common\service\sessionService.js] [39msession on [connector-server-1] is closed with session id: 8
[2018-02-27 23:21:32.259] [DEBUG] pomelo - [36m[C:\Users\KE\logintest\game-server\node_modules\pomelo\lib\components\connector.js] [39m[connector-server-1] getSession session is created with session id: 9
[2018-02-27 23:21:32.264] [DEBUG] pomelo - [36m[C:\Users\KE\logintest\game-server\node_modules\pomelo\lib\common\service\sessionService.js] [39msession on [connector-server-1] is closed with session id: 9
[2018-02-27 23:22:03.328] [DEBUG] pomelo - [36m[C:\Users\KE\logintest\game-server\node_modules\pomelo\lib\components\connector.js] [39m[connector-server-1] getSession session is created with session id: 10
[2018-02-27 23:22:03.340] [DEBUG] pomelo - [36m[C:\Users\KE\logintest\game-server\node_modules\pomelo\lib\common\service\sessionService.js] [39msession on [connector-server-1] is closed with session id: 10
[2018-02-27 23:22:21.161] [DEBUG] pomelo - [36m[C:\Users\KE\logintest\game-server\node_modules\pomelo\lib\components\connector.js] [39m[connector-server-1] getSession session is created with session id: 11
[2018-02-27 23:22:21.169] [DEBUG] pomelo - [36m[C:\Users\KE\logintest\game-server\node_modules\pomelo\lib\common\service\sessionService.js] [39msession on [connector-server-1] is closed with session id: 11
[2018-02-27 23:22:52.696] [DEBUG] pomelo - [36m[C:\Users\KE\logintest\game-server\node_modules\pomelo\lib\components\connector.js] [39m[connector-server-1] getSession session is created with session id: 12
[2018-02-27 23:22:52.702] [DEBUG] pomelo - [36m[C:\Users\KE\logintest\game-server\node_modules\pomelo\lib\components\connector.js] [39m[connector-server-1] handleMessage session id: 12, msg: {"id":1,"type":0,"compressRoute":0,"route":"connector.entryHandler.entry","body":{"username":"admin","password":"adin"},"compressGzip":0}
[2018-02-27 23:22:52.702] [DEBUG] pomelo - [36m[C:\Users\KE\logintest\game-server\node_modules\pomelo\lib\components\connector.js] [39m[connector-server-1] send message reqId: 1, route: connector.entryHandler.entry, msg: {"code":200,"msg":"game server is ok."}, receivers: [12], opts: {"type":"response","userOptions":{},"isResponse":true}
[2018-02-27 23:22:53.600] [DEBUG] pomelo - [36m[C:\Users\KE\logintest\game-server\node_modules\pomelo\lib\common\service\sessionService.js] [39msession on [connector-server-1] is closed with session id: 12
[2018-02-27 23:23:02.256] [DEBUG] pomelo - [36m[C:\Users\KE\logintest\game-server\node_modules\pomelo\lib\components\connector.js] [39m[connector-server-1] getSession session is created with session id: 13
[2018-02-27 23:23:02.262] [DEBUG] pomelo - [36m[C:\Users\KE\logintest\game-server\node_modules\pomelo\lib\components\connector.js] [39m[connector-server-1] handleMessage session id: 13, msg: {"id":1,"type":0,"compressRoute":0,"route":"connector.entryHandler.entry","body":{"username":"123","password":"123"},"compressGzip":0}
[2018-02-27 23:23:02.262] [DEBUG] pomelo - [36m[C:\Users\KE\logintest\game-server\node_modules\pomelo\lib\components\connector.js] [39m[connector-server-1] send message reqId: 1, route: connector.entryHandler.entry, msg: {"code":200,"msg":"game server is ok."}, receivers: [13], opts: {"type":"response","userOptions":{},"isResponse":true}
[2018-02-27 23:23:05.529] [DEBUG] pomelo - [36m[C:\Users\KE\logintest\game-server\node_modules\pomelo\lib\common\service\sessionService.js] [39msession on [connector-server-1] is closed with session id: 13
[2018-02-27 23:23:17.116] [DEBUG] pomelo - [36m[C:\Users\KE\logintest\game-server\node_modules\pomelo\lib\components\connector.js] [39m[connector-server-1] getSession session is created with session id: 14
[2018-02-27 23:23:17.123] [DEBUG] pomelo - [36m[C:\Users\KE\logintest\game-server\node_modules\pomelo\lib\common\service\sessionService.js] [39msession on [connector-server-1] is closed with session id: 14
[2018-02-27 23:24:46.058] [DEBUG] pomelo - [36m[C:\Users\KE\logintest\game-server\node_modules\pomelo\lib\components\connector.js] [39m[connector-server-1] getSession session is created with session id: 15
[2018-02-27 23:24:46.065] [DEBUG] pomelo - [36m[C:\Users\KE\logintest\game-server\node_modules\pomelo\lib\common\service\sessionService.js] [39msession on [connector-server-1] is closed with session id: 15
[2018-02-27 23:26:29.383] [DEBUG] pomelo - [36m[C:\Users\KE\logintest\game-server\node_modules\pomelo\lib\components\connector.js] [39m[connector-server-1] getSession session is created with session id: 16
[2018-02-27 23:26:29.391] [DEBUG] pomelo - [36m[C:\Users\KE\logintest\game-server\node_modules\pomelo\lib\common\service\sessionService.js] [39msession on [connector-server-1] is closed with session id: 16
[2018-02-27 23:26:52.108] [DEBUG] pomelo - [36m[C:\Users\KE\logintest\game-server\node_modules\pomelo\lib\components\connector.js] [39m[connector-server-1] getSession session is created with session id: 17
[2018-02-27 23:27:03.275] [DEBUG] pomelo - [36m[C:\Users\KE\logintest\game-server\node_modules\pomelo\lib\components\connector.js] [39m[connector-server-1] handleMessage session id: 17, msg: {"id":1,"type":0,"compressRoute":0,"route":"connector.entryHandler.entry","body":{"username":"123","password":"123"},"compressGzip":0}
[2018-02-27 23:27:03.275] [DEBUG] pomelo - [36m[C:\Users\KE\logintest\game-server\node_modules\pomelo\lib\components\connector.js] [39m[connector-server-1] send message reqId: 1, route: connector.entryHandler.entry, msg: {"code":200,"msg":"game server is ok."}, receivers: [17], opts: {"type":"response","userOptions":{},"isResponse":true}
[2018-02-27 23:27:09.275] [INFO] pomelo - [32m[C:\Users\KE\logintest\game-server\node_modules\pomelo\lib\connectors\commands\heartbeat.js] [39mclient 17 heartbeat timeout.
[2018-02-27 23:27:09.275] [DEBUG] pomelo - [36m[C:\Users\KE\logintest\game-server\node_modules\pomelo\lib\common\service\sessionService.js] [39msession on [connector-server-1] is closed with session id: 17
[2018-02-27 23:27:16.528] [DEBUG] pomelo - [36m[C:\Users\KE\logintest\game-server\node_modules\pomelo\lib\components\connector.js] [39m[connector-server-1] getSession session is created with session id: 18
[2018-02-27 23:27:16.531] [DEBUG] pomelo - [36m[C:\Users\KE\logintest\game-server\node_modules\pomelo\lib\components\connector.js] [39m[connector-server-1] handleMessage session id: 18, msg: {"id":2,"type":0,"compressRoute":0,"route":"connector.entryHandler.entry","body":{"username":"123","password":"123"},"compressGzip":0}
[2018-02-27 23:27:16.532] [DEBUG] pomelo - [36m[C:\Users\KE\logintest\game-server\node_modules\pomelo\lib\components\connector.js] [39m[connector-server-1] send message reqId: 2, route: connector.entryHandler.entry, msg: {"code":200,"msg":"game server is ok."}, receivers: [18], opts: {"type":"response","userOptions":{},"isResponse":true}
[2018-02-27 23:27:22.266] [DEBUG] pomelo - [36m[C:\Users\KE\logintest\game-server\node_modules\pomelo\lib\components\connector.js] [39m[connector-server-1] getSession session is created with session id: 19
[2018-02-27 23:27:22.274] [DEBUG] pomelo - [36m[C:\Users\KE\logintest\game-server\node_modules\pomelo\lib\common\service\sessionService.js] [39msession on [connector-server-1] is closed with session id: 19
[2018-02-27 23:27:22.274] [DEBUG] pomelo - [36m[C:\Users\KE\logintest\game-server\node_modules\pomelo\lib\common\service\sessionService.js] [39msession on [connector-server-1] is closed with session id: 18
[2018-02-27 23:27:29.254] [DEBUG] pomelo - [36m[C:\Users\KE\logintest\game-server\node_modules\pomelo\lib\components\connector.js] [39m[connector-server-1] getSession session is created with session id: 20
[2018-02-27 23:27:29.258] [DEBUG] pomelo - [36m[C:\Users\KE\logintest\game-server\node_modules\pomelo\lib\components\connector.js] [39m[connector-server-1] handleMessage session id: 20, msg: {"id":1,"type":0,"compressRoute":0,"route":"connector.entryHandler.entry","body":{"username":"123","password":"456"},"compressGzip":0}
[2018-02-27 23:27:29.258] [DEBUG] pomelo - [36m[C:\Users\KE\logintest\game-server\node_modules\pomelo\lib\components\connector.js] [39m[connector-server-1] send message reqId: 1, route: connector.entryHandler.entry, msg: {"code":200,"msg":"game server is ok."}, receivers: [20], opts: {"type":"response","userOptions":{},"isResponse":true}
[2018-02-27 23:27:37.304] [DEBUG] pomelo - [36m[C:\Users\KE\logintest\game-server\node_modules\pomelo\lib\common\service\sessionService.js] [39msession on [connector-server-1] is closed with session id: 20
[2018-02-27 23:28:22.793] [DEBUG] pomelo - [36m[C:\Users\KE\logintest\game-server\node_modules\pomelo\lib\components\connector.js] [39m[connector-server-1] getSession session is created with session id: 21
[2018-02-27 23:28:22.813] [DEBUG] pomelo - [36m[C:\Users\KE\logintest\game-server\node_modules\pomelo\lib\common\service\sessionService.js] [39msession on [connector-server-1] is closed with session id: 21
[2018-02-27 23:28:56.526] [DEBUG] pomelo - [36m[C:\Users\KE\logintest\game-server\node_modules\pomelo\lib\components\connector.js] [39m[connector-server-1] getSession session is created with session id: 22
[2018-02-27 23:28:56.536] [DEBUG] pomelo - [36m[C:\Users\KE\logintest\game-server\node_modules\pomelo\lib\common\service\sessionService.js] [39msession on [connector-server-1] is closed with session id: 22
[2018-02-27 23:29:07.662] [DEBUG] pomelo - [36m[C:\Users\KE\logintest\game-server\node_modules\pomelo\lib\components\connector.js] [39m[connector-server-1] getSession session is created with session id: 23
[2018-02-27 23:29:07.684] [DEBUG] pomelo - [36m[C:\Users\KE\logintest\game-server\node_modules\pomelo\lib\common\service\sessionService.js] [39msession on [connector-server-1] is closed with session id: 23
[2018-02-27 23:29:19.131] [DEBUG] pomelo - [36m[C:\Users\KE\logintest\game-server\node_modules\pomelo\lib\components\connector.js] [39m[connector-server-1] getSession session is created with session id: 24
[2018-02-27 23:29:19.152] [DEBUG] pomelo - [36m[C:\Users\KE\logintest\game-server\node_modules\pomelo\lib\common\service\sessionService.js] [39msession on [connector-server-1] is closed with session id: 24
[2018-02-27 23:29:44.286] [DEBUG] pomelo - [36m[C:\Users\KE\logintest\game-server\node_modules\pomelo\lib\components\connector.js] [39m[connector-server-1] getSession session is created with session id: 25
[2018-02-27 23:29:44.289] [DEBUG] pomelo - [36m[C:\Users\KE\logintest\game-server\node_modules\pomelo\lib\components\connector.js] [39m[connector-server-1] handleMessage session id: 25, msg: {"id":1,"type":0,"compressRoute":0,"route":"connector.entryHandler.entry","body":{"username":"admin","password":"admin2"},"compressGzip":0}
[2018-02-27 23:29:44.289] [DEBUG] pomelo - [36m[C:\Users\KE\logintest\game-server\node_modules\pomelo\lib\components\connector.js] [39m[connector-server-1] send message reqId: 1, route: connector.entryHandler.entry, msg: {"code":200,"msg":"game server is ok."}, receivers: [25], opts: {"type":"response","userOptions":{},"isResponse":true}
[2018-02-27 23:29:45.607] [DEBUG] pomelo - [36m[C:\Users\KE\logintest\game-server\node_modules\pomelo\lib\common\service\sessionService.js] [39msession on [connector-server-1] is closed with session id: 25
[2018-02-27 23:29:53.752] [DEBUG] pomelo - [36m[C:\Users\KE\logintest\game-server\node_modules\pomelo\lib\components\connector.js] [39m[connector-server-1] getSession session is created with session id: 26
[2018-02-27 23:29:53.760] [DEBUG] pomelo - [36m[C:\Users\KE\logintest\game-server\node_modules\pomelo\lib\common\service\sessionService.js] [39msession on [connector-server-1] is closed with session id: 26
[2018-02-27 23:31:30.583] [DEBUG] pomelo - [36m[C:\Users\KE\logintest\game-server\node_modules\pomelo\lib\components\connector.js] [39m[connector-server-1] getSession session is created with session id: 27
[2018-02-27 23:31:30.588] [DEBUG] pomelo - [36m[C:\Users\KE\logintest\game-server\node_modules\pomelo\lib\components\connector.js] [39m[connector-server-1] handleMessage session id: 27, msg: {"id":1,"type":0,"compressRoute":0,"route":"connector.entryHandler.entry","body":{"username":"admin","password":"admin"},"compressGzip":0}
[2018-02-27 23:31:30.588] [DEBUG] pomelo - [36m[C:\Users\KE\logintest\game-server\node_modules\pomelo\lib\components\connector.js] [39m[connector-server-1] send message reqId: 1, route: connector.entryHandler.entry, msg: {"code":200,"msg":"game server is ok."}, receivers: [27], opts: {"type":"response","userOptions":{},"isResponse":true}
[2018-02-27 23:31:33.737] [DEBUG] pomelo - [36m[C:\Users\KE\logintest\game-server\node_modules\pomelo\lib\common\service\sessionService.js] [39msession on [connector-server-1] is closed with session id: 27
[2018-02-27 23:32:10.255] [DEBUG] pomelo - [36m[C:\Users\KE\logintest\game-server\node_modules\pomelo\lib\components\connector.js] [39m[connector-server-1] getSession session is created with session id: 28
[2018-02-27 23:32:10.266] [DEBUG] pomelo - [36m[C:\Users\KE\logintest\game-server\node_modules\pomelo\lib\components\connector.js] [39m[connector-server-1] handleMessage session id: 28, msg: {"id":1,"type":0,"compressRoute":0,"route":"connector.entryHandler.entry","body":{"username":"admin","password":"admin"},"compressGzip":0}
[2018-02-27 23:32:10.267] [DEBUG] pomelo - [36m[C:\Users\KE\logintest\game-server\node_modules\pomelo\lib\components\connector.js] [39m[connector-server-1] send message reqId: 1, route: connector.entryHandler.entry, msg: {"code":200,"msg":"game server is ok."}, receivers: [28], opts: {"type":"response","userOptions":{},"isResponse":true}
[2018-02-27 23:32:12.319] [DEBUG] pomelo - [36m[C:\Users\KE\logintest\game-server\node_modules\pomelo\lib\components\connector.js] [39m[connector-server-1] getSession session is created with session id: 29
[2018-02-27 23:32:12.322] [DEBUG] pomelo - [36m[C:\Users\KE\logintest\game-server\node_modules\pomelo\lib\components\connector.js] [39m[connector-server-1] handleMessage session id: 29, msg: {"id":2,"type":0,"compressRoute":0,"route":"connector.entryHandler.entry","body":{"username":"admin","password":"admin"},"compressGzip":0}
[2018-02-27 23:32:12.322] [DEBUG] pomelo - [36m[C:\Users\KE\logintest\game-server\node_modules\pomelo\lib\components\connector.js] [39m[connector-server-1] send message reqId: 2, route: connector.entryHandler.entry, msg: {"code":200,"msg":"game server is ok."}, receivers: [29], opts: {"type":"response","userOptions":{},"isResponse":true}
[2018-02-27 23:32:14.197] [DEBUG] pomelo - [36m[C:\Users\KE\logintest\game-server\node_modules\pomelo\lib\common\service\sessionService.js] [39msession on [connector-server-1] is closed with session id: 29
[2018-02-27 23:32:14.197] [DEBUG] pomelo - [36m[C:\Users\KE\logintest\game-server\node_modules\pomelo\lib\common\service\sessionService.js] [39msession on [connector-server-1] is closed with session id: 28
[2018-02-27 23:33:12.049] [INFO] pomelo - [32m[C:\Users\KE\logintest\game-server\node_modules\pomelo\lib\application.js] [39mapplication inited: "connector-server-1"
[2018-02-27 23:33:12.234] [INFO] pomelo - [32m[C:\Users\KE\logintest\game-server\node_modules\pomelo\lib\application.js] [39m"connector-server-1" enter after start...
[2018-02-27 23:33:12.250] [INFO] pomelo - [32m[C:\Users\KE\logintest\game-server\node_modules\pomelo\lib\application.js] [39m"connector-server-1" finish start
[2018-02-27 23:33:12.250] [INFO] pomelo - [32m[C:\Users\KE\logintest\game-server\node_modules\pomelo\lib\application.js] [39m"connector-server-1" startup in 170 ms
[2018-02-27 23:33:21.474] [DEBUG] pomelo - [36m[C:\Users\KE\logintest\game-server\node_modules\pomelo\lib\components\connector.js] [39m[connector-server-1] getSession session is created with session id: 1
[2018-02-27 23:33:21.481] [DEBUG] pomelo - [36m[C:\Users\KE\logintest\game-server\node_modules\pomelo\lib\components\connector.js] [39m[connector-server-1] handleMessage session id: 1, msg: {"id":1,"type":0,"compressRoute":0,"route":"connector.entryHandler.entry","body":{"username":"admin","password":"admin"},"compressGzip":0}
[2018-02-27 23:33:27.486] [INFO] pomelo - [32m[C:\Users\KE\logintest\game-server\node_modules\pomelo\lib\connectors\commands\heartbeat.js] [39mclient 1 heartbeat timeout.
[2018-02-27 23:33:27.486] [DEBUG] pomelo - [36m[C:\Users\KE\logintest\game-server\node_modules\pomelo\lib\common\service\sessionService.js] [39msession on [connector-server-1] is closed with session id: 1
[2018-02-27 23:33:40.550] [DEBUG] pomelo - [36m[C:\Users\KE\logintest\game-server\node_modules\pomelo\lib\components\connector.js] [39m[connector-server-1] getSession session is created with session id: 2
[2018-02-27 23:33:40.552] [DEBUG] pomelo - [36m[C:\Users\KE\logintest\game-server\node_modules\pomelo\lib\components\connector.js] [39m[connector-server-1] handleMessage session id: 2, msg: {"id":2,"type":0,"compressRoute":0,"route":"connector.entryHandler.entry","body":{"username":"admin","password":"admin"},"compressGzip":0}
[2018-02-27 23:33:46.567] [INFO] pomelo - [32m[C:\Users\KE\logintest\game-server\node_modules\pomelo\lib\connectors\commands\heartbeat.js] [39mclient 2 heartbeat timeout.
[2018-02-27 23:33:46.567] [DEBUG] pomelo - [36m[C:\Users\KE\logintest\game-server\node_modules\pomelo\lib\common\service\sessionService.js] [39msession on [connector-server-1] is closed with session id: 2
[2018-02-27 23:34:02.107] [INFO] pomelo - [32m[C:\Users\KE\logintest\game-server\node_modules\pomelo\lib\application.js] [39mapplication inited: "connector-server-1"
[2018-02-27 23:34:02.294] [INFO] pomelo - [32m[C:\Users\KE\logintest\game-server\node_modules\pomelo\lib\application.js] [39m"connector-server-1" enter after start...
[2018-02-27 23:34:02.294] [INFO] pomelo - [32m[C:\Users\KE\logintest\game-server\node_modules\pomelo\lib\application.js] [39m"connector-server-1" finish start
[2018-02-27 23:34:02.294] [INFO] pomelo - [32m[C:\Users\KE\logintest\game-server\node_modules\pomelo\lib\application.js] [39m"connector-server-1" startup in 156 ms
[2018-02-27 23:34:03.782] [DEBUG] pomelo - [36m[C:\Users\KE\logintest\game-server\node_modules\pomelo\lib\components\connector.js] [39m[connector-server-1] getSession session is created with session id: 1
[2018-02-27 23:34:03.793] [DEBUG] pomelo - [36m[C:\Users\KE\logintest\game-server\node_modules\pomelo\lib\components\connector.js] [39m[connector-server-1] handleMessage session id: 1, msg: {"id":3,"type":0,"compressRoute":0,"route":"connector.entryHandler.entry","body":{"username":"admin","password":"admin"},"compressGzip":0}
[2018-02-27 23:34:03.795] [DEBUG] pomelo - [36m[C:\Users\KE\logintest\game-server\node_modules\pomelo\lib\components\connector.js] [39m[connector-server-1] send message reqId: 3, route: connector.entryHandler.entry, msg: {"code":200}, receivers: [1], opts: {"type":"response","userOptions":{},"isResponse":true}
[2018-02-27 23:34:06.239] [DEBUG] pomelo - [36m[C:\Users\KE\logintest\game-server\node_modules\pomelo\lib\components\connector.js] [39m[connector-server-1] getSession session is created with session id: 2
[2018-02-27 23:34:06.242] [DEBUG] pomelo - [36m[C:\Users\KE\logintest\game-server\node_modules\pomelo\lib\components\connector.js] [39m[connector-server-1] handleMessage session id: 2, msg: {"id":4,"type":0,"compressRoute":0,"route":"connector.entryHandler.entry","body":{"username":"admin","password":"admin"},"compressGzip":0}
[2018-02-27 23:34:06.242] [DEBUG] pomelo - [36m[C:\Users\KE\logintest\game-server\node_modules\pomelo\lib\components\connector.js] [39m[connector-server-1] send message reqId: 4, route: connector.entryHandler.entry, msg: {"code":200}, receivers: [2], opts: {"type":"response","userOptions":{},"isResponse":true}
[2018-02-27 23:34:09.807] [INFO] pomelo - [32m[C:\Users\KE\logintest\game-server\node_modules\pomelo\lib\connectors\commands\heartbeat.js] [39mclient 1 heartbeat timeout.
[2018-02-27 23:34:09.807] [DEBUG] pomelo - [36m[C:\Users\KE\logintest\game-server\node_modules\pomelo\lib\common\service\sessionService.js] [39msession on [connector-server-1] is closed with session id: 1
[2018-02-27 23:34:33.901] [DEBUG] pomelo - [36m[C:\Users\KE\logintest\game-server\node_modules\pomelo\lib\components\connector.js] [39m[connector-server-1] getSession session is created with session id: 3
[2018-02-27 23:34:33.903] [DEBUG] pomelo - [36m[C:\Users\KE\logintest\game-server\node_modules\pomelo\lib\components\connector.js] [39m[connector-server-1] handleMessage session id: 3, msg: {"id":5,"type":0,"compressRoute":0,"route":"connector.entryHandler.entry","body":{"username":"admin","password":"admin"},"compressGzip":0}
[2018-02-27 23:34:33.903] [DEBUG] pomelo - [36m[C:\Users\KE\logintest\game-server\node_modules\pomelo\lib\components\connector.js] [39m[connector-server-1] send message reqId: 5, route: connector.entryHandler.entry, msg: {"code":200}, receivers: [3], opts: {"type":"response","userOptions":{},"isResponse":true}
[2018-02-27 23:34:38.231] [INFO] pomelo - [32m[C:\Users\KE\logintest\game-server\node_modules\pomelo\lib\connectors\commands\heartbeat.js] [39mclient 2 heartbeat timeout.
[2018-02-27 23:34:38.231] [DEBUG] pomelo - [36m[C:\Users\KE\logintest\game-server\node_modules\pomelo\lib\common\service\sessionService.js] [39msession on [connector-server-1] is closed with session id: 2
[2018-02-27 23:35:28.448] [INFO] pomelo - [32m[C:\Users\KE\logintest\game-server\node_modules\pomelo\lib\application.js] [39mapplication inited: "connector-server-1"
[2018-02-27 23:35:28.687] [INFO] pomelo - [32m[C:\Users\KE\logintest\game-server\node_modules\pomelo\lib\application.js] [39m"connector-server-1" enter after start...
[2018-02-27 23:35:28.689] [INFO] pomelo - [32m[C:\Users\KE\logintest\game-server\node_modules\pomelo\lib\application.js] [39m"connector-server-1" finish start
[2018-02-27 23:35:28.689] [INFO] pomelo - [32m[C:\Users\KE\logintest\game-server\node_modules\pomelo\lib\application.js] [39m"connector-server-1" startup in 210 ms
[2018-02-27 23:35:31.525] [DEBUG] pomelo - [36m[C:\Users\KE\logintest\game-server\node_modules\pomelo\lib\components\connector.js] [39m[connector-server-1] getSession session is created with session id: 1
[2018-02-27 23:35:31.534] [DEBUG] pomelo - [36m[C:\Users\KE\logintest\game-server\node_modules\pomelo\lib\components\connector.js] [39m[connector-server-1] handleMessage session id: 1, msg: {"id":6,"type":0,"compressRoute":0,"route":"connector.entryHandler.entry","body":{"username":"admin","password":"admin"},"compressGzip":0}
[2018-02-27 23:35:31.536] [DEBUG] pomelo - [36m[C:\Users\KE\logintest\game-server\node_modules\pomelo\lib\components\connector.js] [39m[connector-server-1] send message reqId: 6, route: connector.entryHandler.entry, msg: {"code":200}, receivers: [1], opts: {"type":"response","userOptions":{},"isResponse":true}
[2018-02-27 23:35:33.415] [DEBUG] pomelo - [36m[C:\Users\KE\logintest\game-server\node_modules\pomelo\lib\components\connector.js] [39m[connector-server-1] getSession session is created with session id: 2
[2018-02-27 23:35:33.419] [DEBUG] pomelo - [36m[C:\Users\KE\logintest\game-server\node_modules\pomelo\lib\components\connector.js] [39m[connector-server-1] handleMessage session id: 2, msg: {"id":7,"type":0,"compressRoute":0,"route":"connector.entryHandler.entry","body":{"username":"admin","password":"admin"},"compressGzip":0}
[2018-02-27 23:35:33.420] [DEBUG] pomelo - [36m[C:\Users\KE\logintest\game-server\node_modules\pomelo\lib\components\connector.js] [39m[connector-server-1] send message reqId: 7, route: connector.entryHandler.entry, msg: {"code":200}, receivers: [2], opts: {"type":"response","userOptions":{},"isResponse":true}
[2018-02-27 23:35:37.538] [INFO] pomelo - [32m[C:\Users\KE\logintest\game-server\node_modules\pomelo\lib\connectors\commands\heartbeat.js] [39mclient 1 heartbeat timeout.
[2018-02-27 23:35:37.538] [DEBUG] pomelo - [36m[C:\Users\KE\logintest\game-server\node_modules\pomelo\lib\common\service\sessionService.js] [39msession on [connector-server-1] is closed with session id: 1
[2018-02-27 23:35:44.223] [DEBUG] pomelo - [36m[C:\Users\KE\logintest\game-server\node_modules\pomelo\lib\components\connector.js] [39m[connector-server-1] getSession session is created with session id: 3
[2018-02-27 23:35:44.227] [DEBUG] pomelo - [36m[C:\Users\KE\logintest\game-server\node_modules\pomelo\lib\components\connector.js] [39m[connector-server-1] handleMessage session id: 3, msg: {"id":8,"type":0,"compressRoute":0,"route":"connector.entryHandler.entry","body":{"username":"admin","password":"admin"},"compressGzip":0}
[2018-02-27 23:35:44.228] [DEBUG] pomelo - [36m[C:\Users\KE\logintest\game-server\node_modules\pomelo\lib\components\connector.js] [39m[connector-server-1] send message reqId: 8, route: connector.entryHandler.entry, msg: {"code":200}, receivers: [3], opts: {"type":"response","userOptions":{},"isResponse":true}
[2018-02-27 23:35:49.628] [INFO] pomelo - [32m[C:\Users\KE\logintest\game-server\node_modules\pomelo\lib\connectors\commands\heartbeat.js] [39mclient 2 heartbeat timeout.
[2018-02-27 23:35:49.628] [DEBUG] pomelo - [36m[C:\Users\KE\logintest\game-server\node_modules\pomelo\lib\common\service\sessionService.js] [39msession on [connector-server-1] is closed with session id: 2
[2018-02-27 23:36:18.229] [DEBUG] pomelo - [36m[C:\Users\KE\logintest\game-server\node_modules\pomelo\lib\common\service\sessionService.js] [39msession on [connector-server-1] is closed with session id: 3
[2018-02-27 23:37:30.160] [INFO] pomelo - [32m[C:\Users\KE\logintest\game-server\node_modules\pomelo\lib\application.js] [39mapplication inited: "connector-server-1"
[2018-02-27 23:37:30.347] [INFO] pomelo - [32m[C:\Users\KE\logintest\game-server\node_modules\pomelo\lib\application.js] [39m"connector-server-1" enter after start...
[2018-02-27 23:37:30.347] [INFO] pomelo - [32m[C:\Users\KE\logintest\game-server\node_modules\pomelo\lib\application.js] [39m"connector-server-1" finish start
[2018-02-27 23:37:30.347] [INFO] pomelo - [32m[C:\Users\KE\logintest\game-server\node_modules\pomelo\lib\application.js] [39m"connector-server-1" startup in 156 ms
[2018-02-27 23:37:32.769] [DEBUG] pomelo - [36m[C:\Users\KE\logintest\game-server\node_modules\pomelo\lib\components\connector.js] [39m[connector-server-1] getSession session is created with session id: 1
[2018-02-27 23:37:32.776] [DEBUG] pomelo - [36m[C:\Users\KE\logintest\game-server\node_modules\pomelo\lib\components\connector.js] [39m[connector-server-1] handleMessage session id: 1, msg: {"id":1,"type":0,"compressRoute":0,"route":"connector.entryHandler.entry","body":{"username":"admin","password":"admin"},"compressGzip":0}
[2018-02-27 23:37:32.778] [DEBUG] pomelo - [36m[C:\Users\KE\logintest\game-server\node_modules\pomelo\lib\components\connector.js] [39m[connector-server-1] send message reqId: 1, route: connector.entryHandler.entry, msg: {"code":200}, receivers: [1], opts: {"type":"response","userOptions":{},"isResponse":true}
[2018-02-27 23:37:45.735] [DEBUG] pomelo - [36m[C:\Users\KE\logintest\game-server\node_modules\pomelo\lib\components\connector.js] [39m[connector-server-1] getSession session is created with session id: 2
[2018-02-27 23:37:45.739] [DEBUG] pomelo - [36m[C:\Users\KE\logintest\game-server\node_modules\pomelo\lib\components\connector.js] [39m[connector-server-1] handleMessage session id: 2, msg: {"id":2,"type":0,"compressRoute":0,"route":"connector.entryHandler.entry","body":{"username":"admin","password":"admin"},"compressGzip":0}
[2018-02-27 23:37:45.739] [DEBUG] pomelo - [36m[C:\Users\KE\logintest\game-server\node_modules\pomelo\lib\components\connector.js] [39m[connector-server-1] send message reqId: 2, route: connector.entryHandler.entry, msg: {"code":200}, receivers: [2], opts: {"type":"response","userOptions":{},"isResponse":true}
[2018-02-27 23:37:50.805] [INFO] pomelo - [32m[C:\Users\KE\logintest\game-server\node_modules\pomelo\lib\connectors\commands\heartbeat.js] [39mclient 1 heartbeat timeout.
[2018-02-27 23:37:50.806] [DEBUG] pomelo - [36m[C:\Users\KE\logintest\game-server\node_modules\pomelo\lib\common\service\sessionService.js] [39msession on [connector-server-1] is closed with session id: 1
[2018-02-27 23:38:04.189] [DEBUG] pomelo - [36m[C:\Users\KE\logintest\game-server\node_modules\pomelo\lib\common\service\sessionService.js] [39msession on [connector-server-1] is closed with session id: 2
[2018-02-27 23:39:38.577] [INFO] pomelo - [32m[C:\Users\KE\logintest\game-server\node_modules\pomelo\lib\application.js] [39mapplication inited: "connector-server-1"
[2018-02-27 23:39:38.764] [INFO] pomelo - [32m[C:\Users\KE\logintest\game-server\node_modules\pomelo\lib\application.js] [39m"connector-server-1" enter after start...
[2018-02-27 23:39:38.780] [INFO] pomelo - [32m[C:\Users\KE\logintest\game-server\node_modules\pomelo\lib\application.js] [39m"connector-server-1" finish start
[2018-02-27 23:39:38.780] [INFO] pomelo - [32m[C:\Users\KE\logintest\game-server\node_modules\pomelo\lib\application.js] [39m"connector-server-1" startup in 172 ms
[2018-02-27 23:43:55.720] [DEBUG] pomelo - [36m[C:\Users\KE\logintest\game-server\node_modules\pomelo\lib\components\connector.js] [39m[connector-server-1] getSession session is created with session id: 1
[2018-02-27 23:43:55.730] [DEBUG] pomelo - [36m[C:\Users\KE\logintest\game-server\node_modules\pomelo\lib\components\connector.js] [39m[connector-server-1] handleMessage session id: 1, msg: {"id":1,"type":0,"compressRoute":0,"route":"connector.entryHandler.entry","body":{"username":"123","password":"123"},"compressGzip":0}
[2018-02-27 23:43:55.732] [DEBUG] pomelo - [36m[C:\Users\KE\logintest\game-server\node_modules\pomelo\lib\components\connector.js] [39m[connector-server-1] send message reqId: 1, route: connector.entryHandler.entry, msg: {"code":200}, receivers: [1], opts: {"type":"response","userOptions":{},"isResponse":true}
[2018-02-27 23:44:20.461] [INFO] pomelo - [32m[C:\Users\KE\logintest\game-server\node_modules\pomelo\lib\application.js] [39mapplication inited: "connector-server-1"
[2018-02-27 23:44:20.676] [INFO] pomelo - [32m[C:\Users\KE\logintest\game-server\node_modules\pomelo\lib\application.js] [39m"connector-server-1" enter after start...
[2018-02-27 23:44:20.676] [INFO] pomelo - [32m[C:\Users\KE\logintest\game-server\node_modules\pomelo\lib\application.js] [39m"connector-server-1" finish start
[2018-02-27 23:44:20.676] [INFO] pomelo - [32m[C:\Users\KE\logintest\game-server\node_modules\pomelo\lib\application.js] [39m"connector-server-1" startup in 184 ms
[2018-02-27 23:44:23.509] [DEBUG] pomelo - [36m[C:\Users\KE\logintest\game-server\node_modules\pomelo\lib\components\connector.js] [39m[connector-server-1] getSession session is created with session id: 1
[2018-02-27 23:44:23.518] [DEBUG] pomelo - [36m[C:\Users\KE\logintest\game-server\node_modules\pomelo\lib\components\connector.js] [39m[connector-server-1] handleMessage session id: 1, msg: {"id":2,"type":0,"compressRoute":0,"route":"connector.entryHandler.entry","body":{"username":"123","password":"123"},"compressGzip":0}
[2018-02-27 23:44:23.520] [DEBUG] pomelo - [36m[C:\Users\KE\logintest\game-server\node_modules\pomelo\lib\components\connector.js] [39m[connector-server-1] send message reqId: 2, route: connector.entryHandler.entry, msg: {"code":200,"msg":{"username":"123","password":"123","__route__":"connector.entryHandler.entry"}}, receivers: [1], opts: {"type":"response","userOptions":{},"isResponse":true}
[2018-02-27 23:44:54.262] [DEBUG] pomelo - [36m[C:\Users\KE\logintest\game-server\node_modules\pomelo\lib\components\connector.js] [39m[connector-server-1] getSession session is created with session id: 2
[2018-02-27 23:44:54.264] [DEBUG] pomelo - [36m[C:\Users\KE\logintest\game-server\node_modules\pomelo\lib\components\connector.js] [39m[connector-server-1] handleMessage session id: 2, msg: {"id":3,"type":0,"compressRoute":0,"route":"connector.entryHandler.entry","body":{"username":"123","password":"123"},"compressGzip":0}
[2018-02-27 23:44:54.264] [DEBUG] pomelo - [36m[C:\Users\KE\logintest\game-server\node_modules\pomelo\lib\components\connector.js] [39m[connector-server-1] send message reqId: 3, route: connector.entryHandler.entry, msg: {"code":200,"msg":{"username":"123","password":"123","__route__":"connector.entryHandler.entry"}}, receivers: [2], opts: {"type":"response","userOptions":{},"isResponse":true}
[2018-02-27 23:44:59.097] [INFO] pomelo - [32m[C:\Users\KE\logintest\game-server\node_modules\pomelo\lib\application.js] [39mapplication inited: "connector-server-1"
[2018-02-27 23:44:59.300] [INFO] pomelo - [32m[C:\Users\KE\logintest\game-server\node_modules\pomelo\lib\application.js] [39m"connector-server-1" enter after start...
[2018-02-27 23:44:59.300] [INFO] pomelo - [32m[C:\Users\KE\logintest\game-server\node_modules\pomelo\lib\application.js] [39m"connector-server-1" finish start
[2018-02-27 23:44:59.300] [INFO] pomelo - [32m[C:\Users\KE\logintest\game-server\node_modules\pomelo\lib\application.js] [39m"connector-server-1" startup in 172 ms
[2018-02-27 23:45:01.445] [DEBUG] pomelo - [36m[C:\Users\KE\logintest\game-server\node_modules\pomelo\lib\components\connector.js] [39m[connector-server-1] getSession session is created with session id: 1
[2018-02-27 23:45:01.454] [DEBUG] pomelo - [36m[C:\Users\KE\logintest\game-server\node_modules\pomelo\lib\components\connector.js] [39m[connector-server-1] handleMessage session id: 1, msg: {"id":4,"type":0,"compressRoute":0,"route":"connector.entryHandler.entry","body":{"username":"123","password":"123"},"compressGzip":0}
[2018-02-27 23:45:02.343] [DEBUG] pomelo - [36m[C:\Users\KE\logintest\game-server\node_modules\pomelo\lib\components\connector.js] [39m[connector-server-1] getSession session is created with session id: 2
[2018-02-27 23:45:02.347] [DEBUG] pomelo - [36m[C:\Users\KE\logintest\game-server\node_modules\pomelo\lib\components\connector.js] [39m[connector-server-1] handleMessage session id: 2, msg: {"id":5,"type":0,"compressRoute":0,"route":"connector.entryHandler.entry","body":{"username":"123","password":"123"},"compressGzip":0}
[2018-02-27 23:45:07.457] [INFO] pomelo - [32m[C:\Users\KE\logintest\game-server\node_modules\pomelo\lib\connectors\commands\heartbeat.js] [39mclient 1 heartbeat timeout.
[2018-02-27 23:45:07.457] [DEBUG] pomelo - [36m[C:\Users\KE\logintest\game-server\node_modules\pomelo\lib\common\service\sessionService.js] [39msession on [connector-server-1] is closed with session id: 1
[2018-02-27 23:45:08.348] [INFO] pomelo - [32m[C:\Users\KE\logintest\game-server\node_modules\pomelo\lib\connectors\commands\heartbeat.js] [39mclient 2 heartbeat timeout.
[2018-02-27 23:45:08.348] [DEBUG] pomelo - [36m[C:\Users\KE\logintest\game-server\node_modules\pomelo\lib\common\service\sessionService.js] [39msession on [connector-server-1] is closed with session id: 2
[2018-02-27 23:45:16.333] [INFO] pomelo - [32m[C:\Users\KE\logintest\game-server\node_modules\pomelo\lib\application.js] [39mapplication inited: "connector-server-1"
[2018-02-27 23:45:16.567] [INFO] pomelo - [32m[C:\Users\KE\logintest\game-server\node_modules\pomelo\lib\application.js] [39m"connector-server-1" enter after start...
[2018-02-27 23:45:16.567] [INFO] pomelo - [32m[C:\Users\KE\logintest\game-server\node_modules\pomelo\lib\application.js] [39m"connector-server-1" finish start
[2018-02-27 23:45:16.567] [INFO] pomelo - [32m[C:\Users\KE\logintest\game-server\node_modules\pomelo\lib\application.js] [39m"connector-server-1" startup in 188 ms
[2018-02-27 23:45:18.481] [DEBUG] pomelo - [36m[C:\Users\KE\logintest\game-server\node_modules\pomelo\lib\components\connector.js] [39m[connector-server-1] getSession session is created with session id: 1
[2018-02-27 23:45:18.487] [DEBUG] pomelo - [36m[C:\Users\KE\logintest\game-server\node_modules\pomelo\lib\components\connector.js] [39m[connector-server-1] handleMessage session id: 1, msg: {"id":6,"type":0,"compressRoute":0,"route":"connector.entryHandler.entry","body":{"username":"123","password":"123"},"compressGzip":0}
[2018-02-27 23:45:18.489] [DEBUG] pomelo - [36m[C:\Users\KE\logintest\game-server\node_modules\pomelo\lib\components\connector.js] [39m[connector-server-1] send message reqId: 6, route: connector.entryHandler.entry, msg: {"code":200}, receivers: [1], opts: {"type":"response","userOptions":{},"isResponse":true}
[2018-02-27 23:45:56.474] [INFO] pomelo - [32m[C:\Users\KE\logintest\game-server\node_modules\pomelo\lib\application.js] [39mapplication inited: "connector-server-1"
[2018-02-27 23:45:56.675] [INFO] pomelo - [32m[C:\Users\KE\logintest\game-server\node_modules\pomelo\lib\application.js] [39m"connector-server-1" enter after start...
[2018-02-27 23:45:56.675] [INFO] pomelo - [32m[C:\Users\KE\logintest\game-server\node_modules\pomelo\lib\application.js] [39m"connector-server-1" finish start
[2018-02-27 23:45:56.675] [INFO] pomelo - [32m[C:\Users\KE\logintest\game-server\node_modules\pomelo\lib\application.js] [39m"connector-server-1" startup in 170 ms
[2018-02-27 23:45:58.295] [DEBUG] pomelo - [36m[C:\Users\KE\logintest\game-server\node_modules\pomelo\lib\components\connector.js] [39m[connector-server-1] getSession session is created with session id: 1
[2018-02-27 23:45:58.305] [DEBUG] pomelo - [36m[C:\Users\KE\logintest\game-server\node_modules\pomelo\lib\components\connector.js] [39m[connector-server-1] handleMessage session id: 1, msg: {"id":7,"type":0,"compressRoute":0,"route":"connector.entryHandler.entry","body":{"username":"123","password":"123"},"compressGzip":0}
[2018-02-27 23:45:58.308] [DEBUG] pomelo - [36m[C:\Users\KE\logintest\game-server\node_modules\pomelo\lib\components\connector.js] [39m[connector-server-1] send message reqId: 7, route: connector.entryHandler.entry, msg: {"code":200,"msg":"[object Object]"}, receivers: [1], opts: {"type":"response","userOptions":{},"isResponse":true}
[2018-02-27 23:46:00.383] [DEBUG] pomelo - [36m[C:\Users\KE\logintest\game-server\node_modules\pomelo\lib\components\connector.js] [39m[connector-server-1] getSession session is created with session id: 2
[2018-02-27 23:46:00.387] [DEBUG] pomelo - [36m[C:\Users\KE\logintest\game-server\node_modules\pomelo\lib\components\connector.js] [39m[connector-server-1] handleMessage session id: 2, msg: {"id":8,"type":0,"compressRoute":0,"route":"connector.entryHandler.entry","body":{"username":"123","password":"123"},"compressGzip":0}
[2018-02-27 23:46:00.387] [DEBUG] pomelo - [36m[C:\Users\KE\logintest\game-server\node_modules\pomelo\lib\components\connector.js] [39m[connector-server-1] send message reqId: 8, route: connector.entryHandler.entry, msg: {"code":200,"msg":"[object Object]"}, receivers: [2], opts: {"type":"response","userOptions":{},"isResponse":true}
[2018-02-27 23:46:04.317] [INFO] pomelo - [32m[C:\Users\KE\logintest\game-server\node_modules\pomelo\lib\connectors\commands\heartbeat.js] [39mclient 1 heartbeat timeout.
[2018-02-27 23:46:04.317] [DEBUG] pomelo - [36m[C:\Users\KE\logintest\game-server\node_modules\pomelo\lib\common\service\sessionService.js] [39msession on [connector-server-1] is closed with session id: 1
[2018-02-27 23:46:35.895] [INFO] pomelo - [32m[C:\Users\KE\logintest\game-server\node_modules\pomelo\lib\application.js] [39mapplication inited: "connector-server-1"
[2018-02-27 23:46:36.113] [INFO] pomelo - [32m[C:\Users\KE\logintest\game-server\node_modules\pomelo\lib\application.js] [39m"connector-server-1" enter after start...
[2018-02-27 23:46:36.129] [INFO] pomelo - [32m[C:\Users\KE\logintest\game-server\node_modules\pomelo\lib\application.js] [39m"connector-server-1" finish start
[2018-02-27 23:46:36.129] [INFO] pomelo - [32m[C:\Users\KE\logintest\game-server\node_modules\pomelo\lib\application.js] [39m"connector-server-1" startup in 172 ms
[2018-02-27 23:46:40.063] [DEBUG] pomelo - [36m[C:\Users\KE\logintest\game-server\node_modules\pomelo\lib\components\connector.js] [39m[connector-server-1] getSession session is created with session id: 1
[2018-02-27 23:46:40.073] [DEBUG] pomelo - [36m[C:\Users\KE\logintest\game-server\node_modules\pomelo\lib\components\connector.js] [39m[connector-server-1] handleMessage session id: 1, msg: {"id":9,"type":0,"compressRoute":0,"route":"connector.entryHandler.entry","body":{"username":"123","password":"123"},"compressGzip":0}
[2018-02-27 23:46:40.076] [DEBUG] pomelo - [36m[C:\Users\KE\logintest\game-server\node_modules\pomelo\lib\components\connector.js] [39m[connector-server-1] send message reqId: 9, route: connector.entryHandler.entry, msg: {"code":200,"msg":{"username":"123","password":"123","__route__":"connector.entryHandler.entry"}}, receivers: [1], opts: {"type":"response","userOptions":{},"isResponse":true}
[2018-02-27 23:46:46.074] [INFO] pomelo - [32m[C:\Users\KE\logintest\game-server\node_modules\pomelo\lib\connectors\commands\heartbeat.js] [39mclient 1 heartbeat timeout.
[2018-02-27 23:46:46.076] [DEBUG] pomelo - [36m[C:\Users\KE\logintest\game-server\node_modules\pomelo\lib\common\service\sessionService.js] [39msession on [connector-server-1] is closed with session id: 1
[2018-02-27 23:47:55.388] [INFO] pomelo - [32m[C:\Users\KE\logintest\game-server\node_modules\pomelo\lib\application.js] [39mapplication inited: "connector-server-1"
[2018-02-27 23:47:55.591] [INFO] pomelo - [32m[C:\Users\KE\logintest\game-server\node_modules\pomelo\lib\application.js] [39m"connector-server-1" enter after start...
[2018-02-27 23:47:55.593] [INFO] pomelo - [32m[C:\Users\KE\logintest\game-server\node_modules\pomelo\lib\application.js] [39m"connector-server-1" finish start
[2018-02-27 23:47:55.593] [INFO] pomelo - [32m[C:\Users\KE\logintest\game-server\node_modules\pomelo\lib\application.js] [39m"connector-server-1" startup in 172 ms
[2018-02-27 23:47:59.736] [DEBUG] pomelo - [36m[C:\Users\KE\logintest\game-server\node_modules\pomelo\lib\components\connector.js] [39m[connector-server-1] getSession session is created with session id: 1
[2018-02-27 23:47:59.746] [DEBUG] pomelo - [36m[C:\Users\KE\logintest\game-server\node_modules\pomelo\lib\components\connector.js] [39m[connector-server-1] handleMessage session id: 1, msg: {"id":10,"type":0,"compressRoute":0,"route":"connector.entryHandler.entry","body":{"username":"123","password":"123"},"compressGzip":0}
[2018-02-27 23:47:59.748] [DEBUG] pomelo - [36m[C:\Users\KE\logintest\game-server\node_modules\pomelo\lib\components\connector.js] [39m[connector-server-1] send message reqId: 10, route: connector.entryHandler.entry, msg: {"code":200,"msg":"用户为：123密码为：123登陆成功"}, receivers: [1], opts: {"type":"response","userOptions":{},"isResponse":true}
[2018-02-27 23:48:05.747] [INFO] pomelo - [32m[C:\Users\KE\logintest\game-server\node_modules\pomelo\lib\connectors\commands\heartbeat.js] [39mclient 1 heartbeat timeout.
[2018-02-27 23:48:05.749] [DEBUG] pomelo - [36m[C:\Users\KE\logintest\game-server\node_modules\pomelo\lib\common\service\sessionService.js] [39msession on [connector-server-1] is closed with session id: 1
[2018-02-27 23:48:18.302] [INFO] pomelo - [32m[C:\Users\KE\logintest\game-server\node_modules\pomelo\lib\application.js] [39mapplication inited: "connector-server-1"
[2018-02-27 23:48:18.505] [INFO] pomelo - [32m[C:\Users\KE\logintest\game-server\node_modules\pomelo\lib\application.js] [39m"connector-server-1" enter after start...
[2018-02-27 23:48:18.505] [INFO] pomelo - [32m[C:\Users\KE\logintest\game-server\node_modules\pomelo\lib\application.js] [39m"connector-server-1" finish start
[2018-02-27 23:48:18.505] [INFO] pomelo - [32m[C:\Users\KE\logintest\game-server\node_modules\pomelo\lib\application.js] [39m"connector-server-1" startup in 172 ms
[2018-02-27 23:48:21.484] [DEBUG] pomelo - [36m[C:\Users\KE\logintest\game-server\node_modules\pomelo\lib\components\connector.js] [39m[connector-server-1] getSession session is created with session id: 1
[2018-02-27 23:48:21.493] [DEBUG] pomelo - [36m[C:\Users\KE\logintest\game-server\node_modules\pomelo\lib\components\connector.js] [39m[connector-server-1] handleMessage session id: 1, msg: {"id":11,"type":0,"compressRoute":0,"route":"connector.entryHandler.entry","body":{"username":"123","password":"123"},"compressGzip":0}
[2018-02-27 23:48:21.495] [DEBUG] pomelo - [36m[C:\Users\KE\logintest\game-server\node_modules\pomelo\lib\components\connector.js] [39m[connector-server-1] send message reqId: 11, route: connector.entryHandler.entry, msg: {"code":200,"msg":"用户为：123  密码为：123登陆成功"}, receivers: [1], opts: {"type":"response","userOptions":{},"isResponse":true}
[2018-02-27 23:48:44.824] [INFO] pomelo - [32m[C:\Users\KE\logintest\game-server\node_modules\pomelo\lib\application.js] [39mapplication inited: "connector-server-1"
[2018-02-27 23:48:45.027] [INFO] pomelo - [32m[C:\Users\KE\logintest\game-server\node_modules\pomelo\lib\application.js] [39m"connector-server-1" enter after start...
[2018-02-27 23:48:45.027] [INFO] pomelo - [32m[C:\Users\KE\logintest\game-server\node_modules\pomelo\lib\application.js] [39m"connector-server-1" finish start
[2018-02-27 23:48:45.027] [INFO] pomelo - [32m[C:\Users\KE\logintest\game-server\node_modules\pomelo\lib\application.js] [39m"connector-server-1" startup in 172 ms
[2018-02-27 23:48:57.803] [DEBUG] pomelo - [36m[C:\Users\KE\logintest\game-server\node_modules\pomelo\lib\components\connector.js] [39m[connector-server-1] getSession session is created with session id: 1
[2018-02-27 23:48:57.810] [DEBUG] pomelo - [36m[C:\Users\KE\logintest\game-server\node_modules\pomelo\lib\components\connector.js] [39m[connector-server-1] handleMessage session id: 1, msg: {"id":1,"type":0,"compressRoute":0,"route":"connector.entryHandler.entry","body":{"username":"123","password":"123"},"compressGzip":0}
[2018-02-27 23:48:57.813] [DEBUG] pomelo - [36m[C:\Users\KE\logintest\game-server\node_modules\pomelo\lib\components\connector.js] [39m[connector-server-1] send message reqId: 1, route: connector.entryHandler.entry, msg: {"code":200,"msg":"用户：123  密码：123  登陆成功"}, receivers: [1], opts: {"type":"response","userOptions":{},"isResponse":true}
[2018-02-27 23:49:00.317] [DEBUG] pomelo - [36m[C:\Users\KE\logintest\game-server\node_modules\pomelo\lib\common\service\sessionService.js] [39msession on [connector-server-1] is closed with session id: 1
